/usr/bin/lli

###### Testing test-add1
./tpl.native < tests/test-add1.mc > test-add1.ll
llc-3.7 test-add1.ll > test-add1.s
cc -o test-add1.exe test-add1.s printbig.o
ld: warning: object file (/var/folders/w4/84zc5lk948s8_g3k35m2d9y40000gn/T/test-add1-08a13c.o) was built for newer OSX version (16.4) than being linked (10.12)
./test-add1.exe
diff -b test-add1.out tests/test-add1.out > test-add1.diff
###### SUCCESS

###### Testing test-arith1
./tpl.native < tests/test-arith1.mc > test-arith1.ll
llc-3.7 test-arith1.ll > test-arith1.s
cc -o test-arith1.exe test-arith1.s printbig.o
ld: warning: object file (/var/folders/w4/84zc5lk948s8_g3k35m2d9y40000gn/T/test-arith1-f9d4f0.o) was built for newer OSX version (16.4) than being linked (10.12)
./test-arith1.exe
diff -b test-arith1.out tests/test-arith1.out > test-arith1.diff
###### SUCCESS

###### Testing test-arith2
./tpl.native < tests/test-arith2.mc > test-arith2.ll
llc-3.7 test-arith2.ll > test-arith2.s
cc -o test-arith2.exe test-arith2.s printbig.o
ld: warning: object file (/var/folders/w4/84zc5lk948s8_g3k35m2d9y40000gn/T/test-arith2-bdfcf5.o) was built for newer OSX version (16.4) than being linked (10.12)
./test-arith2.exe
diff -b test-arith2.out tests/test-arith2.out > test-arith2.diff
###### SUCCESS

###### Testing test-arith3
./tpl.native < tests/test-arith3.mc > test-arith3.ll
llc-3.7 test-arith3.ll > test-arith3.s
cc -o test-arith3.exe test-arith3.s printbig.o
ld: warning: object file (/var/folders/w4/84zc5lk948s8_g3k35m2d9y40000gn/T/test-arith3-257f60.o) was built for newer OSX version (16.4) than being linked (10.12)
./test-arith3.exe
diff -b test-arith3.out tests/test-arith3.out > test-arith3.diff
###### SUCCESS

###### Testing test-fib
./tpl.native < tests/test-fib.mc > test-fib.ll
llc-3.7 test-fib.ll > test-fib.s
cc -o test-fib.exe test-fib.s printbig.o
ld: warning: object file (/var/folders/w4/84zc5lk948s8_g3k35m2d9y40000gn/T/test-fib-8ac800.o) was built for newer OSX version (16.4) than being linked (10.12)
./test-fib.exe
diff -b test-fib.out tests/test-fib.out > test-fib.diff
###### SUCCESS

###### Testing test-float-arth-1
./tpl.native < tests/test-float-arth-1.mc > test-float-arth-1.ll
Fatal error: exception Parsing.Parse_error
###### FAILED

###### Testing test-float-declaration
./tpl.native < tests/test-float-declaration.mc > test-float-declaration.ll
llc-3.7 test-float-declaration.ll > test-float-declaration.s
cc -o test-float-declaration.exe test-float-declaration.s printbig.o
ld: warning: object file (/var/folders/w4/84zc5lk948s8_g3k35m2d9y40000gn/T/test-float-declaration-7e526e.o) was built for newer OSX version (16.4) than being linked (10.12)
./test-float-declaration.exe
diff -b test-float-declaration.out tests/test-float-declaration.out > test-float-declaration.diff
###### SUCCESS

###### Testing test-float-print-1
./tpl.native < tests/test-float-print-1.mc > test-float-print-1.ll
llc-3.7 test-float-print-1.ll > test-float-print-1.s
cc -o test-float-print-1.exe test-float-print-1.s printbig.o
ld: warning: object file (/var/folders/w4/84zc5lk948s8_g3k35m2d9y40000gn/T/test-float-print-1-f83993.o) was built for newer OSX version (16.4) than being linked (10.12)
./test-float-print-1.exe
diff -b test-float-print-1.out tests/test-float-print-1.out > test-float-print-1.diff
FAILED test-float-print-1.out differs from tests/test-float-print-1.out
###### FAILED

###### Testing test-for1
./tpl.native < tests/test-for1.mc > test-for1.ll
llc-3.7 test-for1.ll > test-for1.s
cc -o test-for1.exe test-for1.s printbig.o
ld: warning: object file (/var/folders/w4/84zc5lk948s8_g3k35m2d9y40000gn/T/test-for1-b0ca23.o) was built for newer OSX version (16.4) than being linked (10.12)
./test-for1.exe
diff -b test-for1.out tests/test-for1.out > test-for1.diff
###### SUCCESS

###### Testing test-for2
./tpl.native < tests/test-for2.mc > test-for2.ll
llc-3.7 test-for2.ll > test-for2.s
cc -o test-for2.exe test-for2.s printbig.o
ld: warning: object file (/var/folders/w4/84zc5lk948s8_g3k35m2d9y40000gn/T/test-for2-bb27ea.o) was built for newer OSX version (16.4) than being linked (10.12)
./test-for2.exe
diff -b test-for2.out tests/test-for2.out > test-for2.diff
###### SUCCESS

###### Testing test-func1
./tpl.native < tests/test-func1.mc > test-func1.ll
llc-3.7 test-func1.ll > test-func1.s
cc -o test-func1.exe test-func1.s printbig.o
ld: warning: object file (/var/folders/w4/84zc5lk948s8_g3k35m2d9y40000gn/T/test-func1-e9d0af.o) was built for newer OSX version (16.4) than being linked (10.12)
./test-func1.exe
diff -b test-func1.out tests/test-func1.out > test-func1.diff
###### SUCCESS

###### Testing test-func2
./tpl.native < tests/test-func2.mc > test-func2.ll
llc-3.7 test-func2.ll > test-func2.s
cc -o test-func2.exe test-func2.s printbig.o
ld: warning: object file (/var/folders/w4/84zc5lk948s8_g3k35m2d9y40000gn/T/test-func2-20f23d.o) was built for newer OSX version (16.4) than being linked (10.12)
./test-func2.exe
diff -b test-func2.out tests/test-func2.out > test-func2.diff
###### SUCCESS

###### Testing test-func3
./tpl.native < tests/test-func3.mc > test-func3.ll
llc-3.7 test-func3.ll > test-func3.s
cc -o test-func3.exe test-func3.s printbig.o
ld: warning: object file (/var/folders/w4/84zc5lk948s8_g3k35m2d9y40000gn/T/test-func3-4f5c3e.o) was built for newer OSX version (16.4) than being linked (10.12)
./test-func3.exe
diff -b test-func3.out tests/test-func3.out > test-func3.diff
###### SUCCESS

###### Testing test-func4
./tpl.native < tests/test-func4.mc > test-func4.ll
llc-3.7 test-func4.ll > test-func4.s
cc -o test-func4.exe test-func4.s printbig.o
ld: warning: object file (/var/folders/w4/84zc5lk948s8_g3k35m2d9y40000gn/T/test-func4-d0ff8e.o) was built for newer OSX version (16.4) than being linked (10.12)
./test-func4.exe
diff -b test-func4.out tests/test-func4.out > test-func4.diff
###### SUCCESS

###### Testing test-func5
./tpl.native < tests/test-func5.mc > test-func5.ll
llc-3.7 test-func5.ll > test-func5.s
cc -o test-func5.exe test-func5.s printbig.o
ld: warning: object file (/var/folders/w4/84zc5lk948s8_g3k35m2d9y40000gn/T/test-func5-c5c59a.o) was built for newer OSX version (16.4) than being linked (10.12)
./test-func5.exe
diff -b test-func5.out tests/test-func5.out > test-func5.diff
###### SUCCESS

###### Testing test-func6
./tpl.native < tests/test-func6.mc > test-func6.ll
llc-3.7 test-func6.ll > test-func6.s
cc -o test-func6.exe test-func6.s printbig.o
ld: warning: object file (/var/folders/w4/84zc5lk948s8_g3k35m2d9y40000gn/T/test-func6-7e49dc.o) was built for newer OSX version (16.4) than being linked (10.12)
./test-func6.exe
diff -b test-func6.out tests/test-func6.out > test-func6.diff
###### SUCCESS

###### Testing test-func7
./tpl.native < tests/test-func7.mc > test-func7.ll
llc-3.7 test-func7.ll > test-func7.s
cc -o test-func7.exe test-func7.s printbig.o
ld: warning: object file (/var/folders/w4/84zc5lk948s8_g3k35m2d9y40000gn/T/test-func7-ac03b8.o) was built for newer OSX version (16.4) than being linked (10.12)
./test-func7.exe
diff -b test-func7.out tests/test-func7.out > test-func7.diff
###### SUCCESS

###### Testing test-func8
./tpl.native < tests/test-func8.mc > test-func8.ll
llc-3.7 test-func8.ll > test-func8.s
cc -o test-func8.exe test-func8.s printbig.o
ld: warning: object file (/var/folders/w4/84zc5lk948s8_g3k35m2d9y40000gn/T/test-func8-9a15a1.o) was built for newer OSX version (16.4) than being linked (10.12)
./test-func8.exe
diff -b test-func8.out tests/test-func8.out > test-func8.diff
###### SUCCESS

###### Testing test-gcd
./tpl.native < tests/test-gcd.mc > test-gcd.ll
llc-3.7 test-gcd.ll > test-gcd.s
cc -o test-gcd.exe test-gcd.s printbig.o
ld: warning: object file (/var/folders/w4/84zc5lk948s8_g3k35m2d9y40000gn/T/test-gcd-9a1407.o) was built for newer OSX version (16.4) than being linked (10.12)
./test-gcd.exe
diff -b test-gcd.out tests/test-gcd.out > test-gcd.diff
###### SUCCESS

###### Testing test-gcd2
./tpl.native < tests/test-gcd2.mc > test-gcd2.ll
llc-3.7 test-gcd2.ll > test-gcd2.s
cc -o test-gcd2.exe test-gcd2.s printbig.o
ld: warning: object file (/var/folders/w4/84zc5lk948s8_g3k35m2d9y40000gn/T/test-gcd2-1ef4a3.o) was built for newer OSX version (16.4) than being linked (10.12)
./test-gcd2.exe
diff -b test-gcd2.out tests/test-gcd2.out > test-gcd2.diff
###### SUCCESS

###### Testing test-global1
./tpl.native < tests/test-global1.mc > test-global1.ll
llc-3.7 test-global1.ll > test-global1.s
cc -o test-global1.exe test-global1.s printbig.o
ld: warning: object file (/var/folders/w4/84zc5lk948s8_g3k35m2d9y40000gn/T/test-global1-29971a.o) was built for newer OSX version (16.4) than being linked (10.12)
./test-global1.exe
diff -b test-global1.out tests/test-global1.out > test-global1.diff
###### SUCCESS

###### Testing test-global2
./tpl.native < tests/test-global2.mc > test-global2.ll
llc-3.7 test-global2.ll > test-global2.s
cc -o test-global2.exe test-global2.s printbig.o
ld: warning: object file (/var/folders/w4/84zc5lk948s8_g3k35m2d9y40000gn/T/test-global2-3111ac.o) was built for newer OSX version (16.4) than being linked (10.12)
./test-global2.exe
diff -b test-global2.out tests/test-global2.out > test-global2.diff
###### SUCCESS

###### Testing test-global3
./tpl.native < tests/test-global3.mc > test-global3.ll
llc-3.7 test-global3.ll > test-global3.s
cc -o test-global3.exe test-global3.s printbig.o
ld: warning: object file (/var/folders/w4/84zc5lk948s8_g3k35m2d9y40000gn/T/test-global3-8a32d4.o) was built for newer OSX version (16.4) than being linked (10.12)
./test-global3.exe
diff -b test-global3.out tests/test-global3.out > test-global3.diff
###### SUCCESS

###### Testing test-hello
./tpl.native < tests/test-hello.mc > test-hello.ll
llc-3.7 test-hello.ll > test-hello.s
cc -o test-hello.exe test-hello.s printbig.o
ld: warning: object file (/var/folders/w4/84zc5lk948s8_g3k35m2d9y40000gn/T/test-hello-ca9145.o) was built for newer OSX version (16.4) than being linked (10.12)
./test-hello.exe
diff -b test-hello.out tests/test-hello.out > test-hello.diff
###### SUCCESS

###### Testing test-if1
./tpl.native < tests/test-if1.mc > test-if1.ll
llc-3.7 test-if1.ll > test-if1.s
cc -o test-if1.exe test-if1.s printbig.o
ld: warning: object file (/var/folders/w4/84zc5lk948s8_g3k35m2d9y40000gn/T/test-if1-f9f237.o) was built for newer OSX version (16.4) than being linked (10.12)
./test-if1.exe
diff -b test-if1.out tests/test-if1.out > test-if1.diff
###### SUCCESS

###### Testing test-if2
./tpl.native < tests/test-if2.mc > test-if2.ll
llc-3.7 test-if2.ll > test-if2.s
cc -o test-if2.exe test-if2.s printbig.o
ld: warning: object file (/var/folders/w4/84zc5lk948s8_g3k35m2d9y40000gn/T/test-if2-feafa9.o) was built for newer OSX version (16.4) than being linked (10.12)
./test-if2.exe
diff -b test-if2.out tests/test-if2.out > test-if2.diff
###### SUCCESS

###### Testing test-if3
./tpl.native < tests/test-if3.mc > test-if3.ll
llc-3.7 test-if3.ll > test-if3.s
cc -o test-if3.exe test-if3.s printbig.o
ld: warning: object file (/var/folders/w4/84zc5lk948s8_g3k35m2d9y40000gn/T/test-if3-afa1b2.o) was built for newer OSX version (16.4) than being linked (10.12)
./test-if3.exe
diff -b test-if3.out tests/test-if3.out > test-if3.diff
###### SUCCESS

###### Testing test-if4
./tpl.native < tests/test-if4.mc > test-if4.ll
llc-3.7 test-if4.ll > test-if4.s
cc -o test-if4.exe test-if4.s printbig.o
ld: warning: object file (/var/folders/w4/84zc5lk948s8_g3k35m2d9y40000gn/T/test-if4-031d5e.o) was built for newer OSX version (16.4) than being linked (10.12)
./test-if4.exe
diff -b test-if4.out tests/test-if4.out > test-if4.diff
###### SUCCESS

###### Testing test-if5
./tpl.native < tests/test-if5.mc > test-if5.ll
llc-3.7 test-if5.ll > test-if5.s
cc -o test-if5.exe test-if5.s printbig.o
ld: warning: object file (/var/folders/w4/84zc5lk948s8_g3k35m2d9y40000gn/T/test-if5-4738b5.o) was built for newer OSX version (16.4) than being linked (10.12)
./test-if5.exe
diff -b test-if5.out tests/test-if5.out > test-if5.diff
###### SUCCESS

###### Testing test-int-declaration
./tpl.native < tests/test-int-declaration.mc > test-int-declaration.ll
llc-3.7 test-int-declaration.ll > test-int-declaration.s
cc -o test-int-declaration.exe test-int-declaration.s printbig.o
ld: warning: object file (/var/folders/w4/84zc5lk948s8_g3k35m2d9y40000gn/T/test-int-declaration-7211d5.o) was built for newer OSX version (16.4) than being linked (10.12)
./test-int-declaration.exe
diff -b test-int-declaration.out tests/test-int-declaration.out > test-int-declaration.diff
###### SUCCESS

###### Testing test-local1
./tpl.native < tests/test-local1.mc > test-local1.ll
llc-3.7 test-local1.ll > test-local1.s
cc -o test-local1.exe test-local1.s printbig.o
ld: warning: object file (/var/folders/w4/84zc5lk948s8_g3k35m2d9y40000gn/T/test-local1-e0c7c0.o) was built for newer OSX version (16.4) than being linked (10.12)
./test-local1.exe
diff -b test-local1.out tests/test-local1.out > test-local1.diff
###### SUCCESS

###### Testing test-local2
./tpl.native < tests/test-local2.mc > test-local2.ll
llc-3.7 test-local2.ll > test-local2.s
cc -o test-local2.exe test-local2.s printbig.o
ld: warning: object file (/var/folders/w4/84zc5lk948s8_g3k35m2d9y40000gn/T/test-local2-0990c7.o) was built for newer OSX version (16.4) than being linked (10.12)
./test-local2.exe
diff -b test-local2.out tests/test-local2.out > test-local2.diff
###### SUCCESS

###### Testing test-ops1
./tpl.native < tests/test-ops1.mc > test-ops1.ll
llc-3.7 test-ops1.ll > test-ops1.s
cc -o test-ops1.exe test-ops1.s printbig.o
ld: warning: object file (/var/folders/w4/84zc5lk948s8_g3k35m2d9y40000gn/T/test-ops1-867f7f.o) was built for newer OSX version (16.4) than being linked (10.12)
./test-ops1.exe
diff -b test-ops1.out tests/test-ops1.out > test-ops1.diff
###### SUCCESS

###### Testing test-ops2
./tpl.native < tests/test-ops2.mc > test-ops2.ll
llc-3.7 test-ops2.ll > test-ops2.s
cc -o test-ops2.exe test-ops2.s printbig.o
ld: warning: object file (/var/folders/w4/84zc5lk948s8_g3k35m2d9y40000gn/T/test-ops2-7341c3.o) was built for newer OSX version (16.4) than being linked (10.12)
./test-ops2.exe
diff -b test-ops2.out tests/test-ops2.out > test-ops2.diff
###### SUCCESS

###### Testing test-printbig
./tpl.native < tests/test-printbig.mc > test-printbig.ll
llc-3.7 test-printbig.ll > test-printbig.s
cc -o test-printbig.exe test-printbig.s printbig.o
ld: warning: object file (/var/folders/w4/84zc5lk948s8_g3k35m2d9y40000gn/T/test-printbig-90cf32.o) was built for newer OSX version (16.4) than being linked (10.12)
./test-printbig.exe
diff -b test-printbig.out tests/test-printbig.out > test-printbig.diff
###### SUCCESS

###### Testing test-singlelinecomment-2
./tpl.native < tests/test-singlelinecomment-2.mc > test-singlelinecomment-2.ll
llc-3.7 test-singlelinecomment-2.ll > test-singlelinecomment-2.s
cc -o test-singlelinecomment-2.exe test-singlelinecomment-2.s printbig.o
ld: warning: object file (/var/folders/w4/84zc5lk948s8_g3k35m2d9y40000gn/T/test-singlelinecomment-2-ec6c94.o) was built for newer OSX version (16.4) than being linked (10.12)
./test-singlelinecomment-2.exe
diff -b test-singlelinecomment-2.out tests/test-singlelinecomment-2.out > test-singlelinecomment-2.diff
###### SUCCESS

###### Testing test-singlelinecomment
./tpl.native < tests/test-singlelinecomment.mc > test-singlelinecomment.ll
llc-3.7 test-singlelinecomment.ll > test-singlelinecomment.s
cc -o test-singlelinecomment.exe test-singlelinecomment.s printbig.o
ld: warning: object file (/var/folders/w4/84zc5lk948s8_g3k35m2d9y40000gn/T/test-singlelinecomment-40a799.o) was built for newer OSX version (16.4) than being linked (10.12)
./test-singlelinecomment.exe
diff -b test-singlelinecomment.out tests/test-singlelinecomment.out > test-singlelinecomment.diff
###### SUCCESS

###### Testing test-var1
./tpl.native < tests/test-var1.mc > test-var1.ll
llc-3.7 test-var1.ll > test-var1.s
cc -o test-var1.exe test-var1.s printbig.o
ld: warning: object file (/var/folders/w4/84zc5lk948s8_g3k35m2d9y40000gn/T/test-var1-801e90.o) was built for newer OSX version (16.4) than being linked (10.12)
./test-var1.exe
diff -b test-var1.out tests/test-var1.out > test-var1.diff
###### SUCCESS

###### Testing test-var2
./tpl.native < tests/test-var2.mc > test-var2.ll
llc-3.7 test-var2.ll > test-var2.s
cc -o test-var2.exe test-var2.s printbig.o
ld: warning: object file (/var/folders/w4/84zc5lk948s8_g3k35m2d9y40000gn/T/test-var2-c38945.o) was built for newer OSX version (16.4) than being linked (10.12)
./test-var2.exe
diff -b test-var2.out tests/test-var2.out > test-var2.diff
###### SUCCESS

###### Testing test-while1
./tpl.native < tests/test-while1.mc > test-while1.ll
llc-3.7 test-while1.ll > test-while1.s
cc -o test-while1.exe test-while1.s printbig.o
ld: warning: object file (/var/folders/w4/84zc5lk948s8_g3k35m2d9y40000gn/T/test-while1-932c5c.o) was built for newer OSX version (16.4) than being linked (10.12)
./test-while1.exe
diff -b test-while1.out tests/test-while1.out > test-while1.diff
###### SUCCESS

###### Testing test-while2
./tpl.native < tests/test-while2.mc > test-while2.ll
llc-3.7 test-while2.ll > test-while2.s
cc -o test-while2.exe test-while2.s printbig.o
ld: warning: object file (/var/folders/w4/84zc5lk948s8_g3k35m2d9y40000gn/T/test-while2-e7d8fd.o) was built for newer OSX version (16.4) than being linked (10.12)
./test-while2.exe
diff -b test-while2.out tests/test-while2.out > test-while2.diff
###### SUCCESS

###### Testing fail-assign1
./tpl.native < tests/fail-assign1.mc 2> fail-assign1.err >> testall.log
diff -b fail-assign1.err tests/fail-assign1.err > fail-assign1.diff
###### SUCCESS

###### Testing fail-assign2
./tpl.native < tests/fail-assign2.mc 2> fail-assign2.err >> testall.log
diff -b fail-assign2.err tests/fail-assign2.err > fail-assign2.diff
###### SUCCESS

###### Testing fail-assign3
./tpl.native < tests/fail-assign3.mc 2> fail-assign3.err >> testall.log
diff -b fail-assign3.err tests/fail-assign3.err > fail-assign3.diff
###### SUCCESS

###### Testing fail-dead1
./tpl.native < tests/fail-dead1.mc 2> fail-dead1.err >> testall.log
diff -b fail-dead1.err tests/fail-dead1.err > fail-dead1.diff
###### SUCCESS

###### Testing fail-dead2
./tpl.native < tests/fail-dead2.mc 2> fail-dead2.err >> testall.log
diff -b fail-dead2.err tests/fail-dead2.err > fail-dead2.diff
###### SUCCESS

###### Testing fail-expr1
./tpl.native < tests/fail-expr1.mc 2> fail-expr1.err >> testall.log
diff -b fail-expr1.err tests/fail-expr1.err > fail-expr1.diff
###### SUCCESS

###### Testing fail-expr2
./tpl.native < tests/fail-expr2.mc 2> fail-expr2.err >> testall.log
diff -b fail-expr2.err tests/fail-expr2.err > fail-expr2.diff
###### SUCCESS

###### Testing fail-for1
./tpl.native < tests/fail-for1.mc 2> fail-for1.err >> testall.log
diff -b fail-for1.err tests/fail-for1.err > fail-for1.diff
###### SUCCESS

###### Testing fail-for2
./tpl.native < tests/fail-for2.mc 2> fail-for2.err >> testall.log
diff -b fail-for2.err tests/fail-for2.err > fail-for2.diff
###### SUCCESS

###### Testing fail-for3
./tpl.native < tests/fail-for3.mc 2> fail-for3.err >> testall.log
diff -b fail-for3.err tests/fail-for3.err > fail-for3.diff
###### SUCCESS

###### Testing fail-for4
./tpl.native < tests/fail-for4.mc 2> fail-for4.err >> testall.log
diff -b fail-for4.err tests/fail-for4.err > fail-for4.diff
###### SUCCESS

###### Testing fail-for5
./tpl.native < tests/fail-for5.mc 2> fail-for5.err >> testall.log
diff -b fail-for5.err tests/fail-for5.err > fail-for5.diff
###### SUCCESS

###### Testing fail-func1
./tpl.native < tests/fail-func1.mc 2> fail-func1.err >> testall.log
diff -b fail-func1.err tests/fail-func1.err > fail-func1.diff
###### SUCCESS

###### Testing fail-func2
./tpl.native < tests/fail-func2.mc 2> fail-func2.err >> testall.log
diff -b fail-func2.err tests/fail-func2.err > fail-func2.diff
###### SUCCESS

###### Testing fail-func3
./tpl.native < tests/fail-func3.mc 2> fail-func3.err >> testall.log
diff -b fail-func3.err tests/fail-func3.err > fail-func3.diff
###### SUCCESS

###### Testing fail-func4
./tpl.native < tests/fail-func4.mc 2> fail-func4.err >> testall.log
diff -b fail-func4.err tests/fail-func4.err > fail-func4.diff
###### SUCCESS

###### Testing fail-func5
./tpl.native < tests/fail-func5.mc 2> fail-func5.err >> testall.log
diff -b fail-func5.err tests/fail-func5.err > fail-func5.diff
###### SUCCESS

###### Testing fail-func6
./tpl.native < tests/fail-func6.mc 2> fail-func6.err >> testall.log
diff -b fail-func6.err tests/fail-func6.err > fail-func6.diff
###### SUCCESS

###### Testing fail-func7
./tpl.native < tests/fail-func7.mc 2> fail-func7.err >> testall.log
diff -b fail-func7.err tests/fail-func7.err > fail-func7.diff
###### SUCCESS

###### Testing fail-func8
./tpl.native < tests/fail-func8.mc 2> fail-func8.err >> testall.log
diff -b fail-func8.err tests/fail-func8.err > fail-func8.diff
###### SUCCESS

###### Testing fail-func9
./tpl.native < tests/fail-func9.mc 2> fail-func9.err >> testall.log
diff -b fail-func9.err tests/fail-func9.err > fail-func9.diff
###### SUCCESS

###### Testing fail-global1
./tpl.native < tests/fail-global1.mc 2> fail-global1.err >> testall.log
diff -b fail-global1.err tests/fail-global1.err > fail-global1.diff
###### SUCCESS

###### Testing fail-global2
./tpl.native < tests/fail-global2.mc 2> fail-global2.err >> testall.log
diff -b fail-global2.err tests/fail-global2.err > fail-global2.diff
###### SUCCESS

###### Testing fail-if1
./tpl.native < tests/fail-if1.mc 2> fail-if1.err >> testall.log
diff -b fail-if1.err tests/fail-if1.err > fail-if1.diff
###### SUCCESS

###### Testing fail-if2
./tpl.native < tests/fail-if2.mc 2> fail-if2.err >> testall.log
diff -b fail-if2.err tests/fail-if2.err > fail-if2.diff
###### SUCCESS

###### Testing fail-if3
./tpl.native < tests/fail-if3.mc 2> fail-if3.err >> testall.log
diff -b fail-if3.err tests/fail-if3.err > fail-if3.diff
###### SUCCESS

###### Testing fail-nomain
./tpl.native < tests/fail-nomain.mc 2> fail-nomain.err >> testall.log
diff -b fail-nomain.err tests/fail-nomain.err > fail-nomain.diff
###### SUCCESS

###### Testing fail-return1
./tpl.native < tests/fail-return1.mc 2> fail-return1.err >> testall.log
diff -b fail-return1.err tests/fail-return1.err > fail-return1.diff
###### SUCCESS

###### Testing fail-return2
./tpl.native < tests/fail-return2.mc 2> fail-return2.err >> testall.log
diff -b fail-return2.err tests/fail-return2.err > fail-return2.diff
###### SUCCESS

###### Testing fail-while1
./tpl.native < tests/fail-while1.mc 2> fail-while1.err >> testall.log
diff -b fail-while1.err tests/fail-while1.err > fail-while1.diff
###### SUCCESS

###### Testing fail-while2
./tpl.native < tests/fail-while2.mc 2> fail-while2.err >> testall.log
diff -b fail-while2.err tests/fail-while2.err > fail-while2.diff
###### SUCCESS
